<?xml version="1.0" encoding="UTF-8"?>
<!-- Generated by org.testng.reporters.JUnitXMLReporter -->
<testsuite ignored="0" hostname="DESKTOP-SN3NGQ0" failures="0" tests="3" name="Default test" time="57.223" errors="0" timestamp="2024-10-24T11:11:17 IST">
  <testcase classname="guru99_Project.paymentGatewayProject" name="cart" time="14.444"/>
  <testcase classname="guru99_Project.paymentGatewayProject" name="GenerateCardNumber" time="3.422"/>
  <testcase classname="guru99_Project.paymentGatewayProject" name="CheckCreditCardLimit" time="8.235"/>
</testsuite> <!-- Default test -->
