<?xml version="1.0" encoding="UTF-8"?>
<testng-results ignored="0" total="3" passed="3" failed="0" skipped="0">
  <reporter-output>
  </reporter-output>
  <suite started-at="2024-10-24T11:10:19 IST" name="Default suite" finished-at="2024-10-24T11:11:17 IST" duration-ms="57223">
    <groups>
    </groups>
    <test started-at="2024-10-24T11:10:19 IST" name="Default test" finished-at="2024-10-24T11:11:17 IST" duration-ms="57223">
      <class name="guru99_Project.paymentGatewayProject">
        <test-method is-config="true" signature="beforeMethod()[pri:0, instance:guru99_Project.paymentGatewayProject@73a1e9a9]" started-at="2024-10-24T11:10:19 IST" name="beforeMethod" finished-at="2024-10-24T11:10:26 IST" duration-ms="6924" status="PASS">
          <reporter-output>
          </reporter-output>
        </test-method> <!-- beforeMethod -->
        <test-method signature="cart()[pri:0, instance:guru99_Project.paymentGatewayProject@73a1e9a9]" started-at="2024-10-24T11:10:26 IST" name="cart" finished-at="2024-10-24T11:10:41 IST" duration-ms="14444" status="PASS">
          <reporter-output>
          </reporter-output>
        </test-method> <!-- cart -->
        <test-method is-config="true" signature="afterMethod()[pri:0, instance:guru99_Project.paymentGatewayProject@73a1e9a9]" started-at="2024-10-24T11:10:41 IST" name="afterMethod" finished-at="2024-10-24T11:10:42 IST" duration-ms="886" status="PASS">
          <reporter-output>
          </reporter-output>
        </test-method> <!-- afterMethod -->
        <test-method is-config="true" signature="beforeMethod()[pri:0, instance:guru99_Project.paymentGatewayProject@73a1e9a9]" started-at="2024-10-24T11:10:42 IST" name="beforeMethod" finished-at="2024-10-24T11:10:50 IST" duration-ms="7924" status="PASS">
          <reporter-output>
          </reporter-output>
        </test-method> <!-- beforeMethod -->
        <test-method signature="GenerateCardNumber()[pri:1, instance:guru99_Project.paymentGatewayProject@73a1e9a9]" started-at="2024-10-24T11:10:50 IST" name="GenerateCardNumber" finished-at="2024-10-24T11:10:53 IST" duration-ms="3422" status="PASS">
          <reporter-output>
          </reporter-output>
        </test-method> <!-- GenerateCardNumber -->
        <test-method is-config="true" signature="afterMethod()[pri:0, instance:guru99_Project.paymentGatewayProject@73a1e9a9]" started-at="2024-10-24T11:10:53 IST" name="afterMethod" finished-at="2024-10-24T11:10:54 IST" duration-ms="1042" status="PASS">
          <reporter-output>
          </reporter-output>
        </test-method> <!-- afterMethod -->
        <test-method is-config="true" signature="beforeMethod()[pri:0, instance:guru99_Project.paymentGatewayProject@73a1e9a9]" started-at="2024-10-24T11:10:54 IST" name="beforeMethod" finished-at="2024-10-24T11:11:02 IST" duration-ms="7936" status="PASS">
          <reporter-output>
          </reporter-output>
        </test-method> <!-- beforeMethod -->
        <test-method signature="CheckCreditCardLimit()[pri:2, instance:guru99_Project.paymentGatewayProject@73a1e9a9]" started-at="2024-10-24T11:11:02 IST" name="CheckCreditCardLimit" finished-at="2024-10-24T11:11:10 IST" duration-ms="8235" status="PASS">
          <reporter-output>
          </reporter-output>
        </test-method> <!-- CheckCreditCardLimit -->
        <test-method is-config="true" signature="afterMethod()[pri:0, instance:guru99_Project.paymentGatewayProject@73a1e9a9]" started-at="2024-10-24T11:11:10 IST" name="afterMethod" finished-at="2024-10-24T11:11:17 IST" duration-ms="6359" status="PASS">
          <reporter-output>
          </reporter-output>
        </test-method> <!-- afterMethod -->
      </class> <!-- guru99_Project.paymentGatewayProject -->
    </test> <!-- Default test -->
  </suite> <!-- Default suite -->
</testng-results>
